<?xml version="1.0" encoding="UTF-8"?>
<testsuite xmlns:xsi="http://www.w3.org/2001/XMLSchema-instance" xsi:noNamespaceSchemaLocation="https://maven.apache.org/surefire/maven-surefire-plugin/xsd/surefire-test-report-3.0.xsd" version="3.0" name="com.sapient.dao.MovieImplTestMongo" time="1.57" tests="4" errors="0" skipped="0" failures="0">
  <properties>
    <property name="sun.desktop" value="windows"/>
    <property name="awt.toolkit" value="sun.awt.windows.WToolkit"/>
    <property name="java.specification.version" value="11"/>
    <property name="sun.cpu.isalist" value="amd64"/>
    <property name="sun.jnu.encoding" value="Cp1252"/>
    <property name="java.class.path" value="C:\Users\shunimes\Desktop\Upload here\assessments\ShubhamNimesh\assessment3-retest\Q2\q2\target\test-classes;C:\Users\shunimes\Desktop\Upload here\assessments\ShubhamNimesh\assessment3-retest\Q2\q2\target\classes;C:\Users\shunimes\.m2\repository\org\projectlombok\lombok\1.18.24\lombok-1.18.24.jar;C:\Users\shunimes\.m2\repository\ch\qos\logback\logback-core\1.2.11\logback-core-1.2.11.jar;C:\Users\shunimes\.m2\repository\ch\qos\logback\logback-classic\1.2.11\logback-classic-1.2.11.jar;C:\Users\shunimes\.m2\repository\org\slf4j\slf4j-api\1.7.36\slf4j-api-1.7.36.jar;C:\Users\shunimes\.m2\repository\org\junit\jupiter\junit-jupiter\5.8.2\junit-jupiter-5.8.2.jar;C:\Users\shunimes\.m2\repository\org\junit\jupiter\junit-jupiter-engine\5.8.2\junit-jupiter-engine-5.8.2.jar;C:\Users\shunimes\.m2\repository\org\junit\platform\junit-platform-engine\1.8.2\junit-platform-engine-1.8.2.jar;C:\Users\shunimes\.m2\repository\org\junit\jupiter\junit-jupiter-api\5.8.2\junit-jupiter-api-5.8.2.jar;C:\Users\shunimes\.m2\repository\org\opentest4j\opentest4j\1.2.0\opentest4j-1.2.0.jar;C:\Users\shunimes\.m2\repository\org\junit\platform\junit-platform-commons\1.8.2\junit-platform-commons-1.8.2.jar;C:\Users\shunimes\.m2\repository\org\apiguardian\apiguardian-api\1.1.2\apiguardian-api-1.1.2.jar;C:\Users\shunimes\.m2\repository\org\junit\jupiter\junit-jupiter-params\5.8.2\junit-jupiter-params-5.8.2.jar;C:\Users\shunimes\.m2\repository\org\junit\platform\junit-platform-suite\1.9.0-M1\junit-platform-suite-1.9.0-M1.jar;C:\Users\shunimes\.m2\repository\org\junit\platform\junit-platform-suite-api\1.9.0-M1\junit-platform-suite-api-1.9.0-M1.jar;C:\Users\shunimes\.m2\repository\org\junit\platform\junit-platform-suite-engine\1.9.0-M1\junit-platform-suite-engine-1.9.0-M1.jar;C:\Users\shunimes\.m2\repository\org\junit\platform\junit-platform-suite-commons\1.9.0-M1\junit-platform-suite-commons-1.9.0-M1.jar;C:\Users\shunimes\.m2\repository\org\junit\platform\junit-platform-launcher\1.9.0-M1\junit-platform-launcher-1.9.0-M1.jar;C:\Users\shunimes\.m2\repository\org\apache\commons\commons-lang3\3.12.0\commons-lang3-3.12.0.jar;C:\Users\shunimes\.m2\repository\org\mongodb\mongodb-driver\3.12.11\mongodb-driver-3.12.11.jar;C:\Users\shunimes\.m2\repository\org\mongodb\bson\3.12.11\bson-3.12.11.jar;C:\Users\shunimes\.m2\repository\org\mongodb\mongodb-driver-core\3.12.11\mongodb-driver-core-3.12.11.jar;C:\Users\shunimes\.m2\repository\com\google\code\gson\gson\2.9.0\gson-2.9.0.jar;C:\Users\shunimes\.m2\repository\org\hamcrest\hamcrest\2.2\hamcrest-2.2.jar;C:\Users\shunimes\.m2\repository\org\hamcrest\hamcrest-all\1.3\hamcrest-all-1.3.jar;C:\Users\shunimes\.m2\repository\org\postgresql\postgresql\42.4.0\postgresql-42.4.0.jar;C:\Users\shunimes\.m2\repository\org\checkerframework\checker-qual\3.5.0\checker-qual-3.5.0.jar;"/>
    <property name="java.vm.vendor" value="Oracle Corporation"/>
    <property name="sun.arch.data.model" value="64"/>
    <property name="user.variant" value=""/>
    <property name="java.vendor.url" value="https://openjdk.java.net/"/>
    <property name="user.timezone" value="Asia/Calcutta"/>
    <property name="java.vm.specification.version" value="11"/>
    <property name="os.name" value="Windows 10"/>
    <property name="sun.java.launcher" value="SUN_STANDARD"/>
    <property name="user.country" value="US"/>
    <property name="sun.boot.library.path" value="C:\Program Files\Java\jdk-11.0.15\bin"/>
    <property name="sun.java.command" value="C:\Users\shunimes\AppData\Local\Temp\surefire4861913594416827367\surefirebooter16776812798378317536.jar C:\Users\shunimes\AppData\Local\Temp\surefire4861913594416827367 2022-07-29T15-28-41_827-jvmRun1 surefire16331482559244483459tmp surefire_010861901268031368527tmp"/>
    <property name="jdk.debug" value="release"/>
    <property name="test" value="MovieImplTestMongo"/>
    <property name="surefire.test.class.path" value="C:\Users\shunimes\Desktop\Upload here\assessments\ShubhamNimesh\assessment3-retest\Q2\q2\target\test-classes;C:\Users\shunimes\Desktop\Upload here\assessments\ShubhamNimesh\assessment3-retest\Q2\q2\target\classes;C:\Users\shunimes\.m2\repository\org\projectlombok\lombok\1.18.24\lombok-1.18.24.jar;C:\Users\shunimes\.m2\repository\ch\qos\logback\logback-core\1.2.11\logback-core-1.2.11.jar;C:\Users\shunimes\.m2\repository\ch\qos\logback\logback-classic\1.2.11\logback-classic-1.2.11.jar;C:\Users\shunimes\.m2\repository\org\slf4j\slf4j-api\1.7.36\slf4j-api-1.7.36.jar;C:\Users\shunimes\.m2\repository\org\junit\jupiter\junit-jupiter\5.8.2\junit-jupiter-5.8.2.jar;C:\Users\shunimes\.m2\repository\org\junit\jupiter\junit-jupiter-engine\5.8.2\junit-jupiter-engine-5.8.2.jar;C:\Users\shunimes\.m2\repository\org\junit\platform\junit-platform-engine\1.8.2\junit-platform-engine-1.8.2.jar;C:\Users\shunimes\.m2\repository\org\junit\jupiter\junit-jupiter-api\5.8.2\junit-jupiter-api-5.8.2.jar;C:\Users\shunimes\.m2\repository\org\opentest4j\opentest4j\1.2.0\opentest4j-1.2.0.jar;C:\Users\shunimes\.m2\repository\org\junit\platform\junit-platform-commons\1.8.2\junit-platform-commons-1.8.2.jar;C:\Users\shunimes\.m2\repository\org\apiguardian\apiguardian-api\1.1.2\apiguardian-api-1.1.2.jar;C:\Users\shunimes\.m2\repository\org\junit\jupiter\junit-jupiter-params\5.8.2\junit-jupiter-params-5.8.2.jar;C:\Users\shunimes\.m2\repository\org\junit\platform\junit-platform-suite\1.9.0-M1\junit-platform-suite-1.9.0-M1.jar;C:\Users\shunimes\.m2\repository\org\junit\platform\junit-platform-suite-api\1.9.0-M1\junit-platform-suite-api-1.9.0-M1.jar;C:\Users\shunimes\.m2\repository\org\junit\platform\junit-platform-suite-engine\1.9.0-M1\junit-platform-suite-engine-1.9.0-M1.jar;C:\Users\shunimes\.m2\repository\org\junit\platform\junit-platform-suite-commons\1.9.0-M1\junit-platform-suite-commons-1.9.0-M1.jar;C:\Users\shunimes\.m2\repository\org\junit\platform\junit-platform-launcher\1.9.0-M1\junit-platform-launcher-1.9.0-M1.jar;C:\Users\shunimes\.m2\repository\org\apache\commons\commons-lang3\3.12.0\commons-lang3-3.12.0.jar;C:\Users\shunimes\.m2\repository\org\mongodb\mongodb-driver\3.12.11\mongodb-driver-3.12.11.jar;C:\Users\shunimes\.m2\repository\org\mongodb\bson\3.12.11\bson-3.12.11.jar;C:\Users\shunimes\.m2\repository\org\mongodb\mongodb-driver-core\3.12.11\mongodb-driver-core-3.12.11.jar;C:\Users\shunimes\.m2\repository\com\google\code\gson\gson\2.9.0\gson-2.9.0.jar;C:\Users\shunimes\.m2\repository\org\hamcrest\hamcrest\2.2\hamcrest-2.2.jar;C:\Users\shunimes\.m2\repository\org\hamcrest\hamcrest-all\1.3\hamcrest-all-1.3.jar;C:\Users\shunimes\.m2\repository\org\postgresql\postgresql\42.4.0\postgresql-42.4.0.jar;C:\Users\shunimes\.m2\repository\org\checkerframework\checker-qual\3.5.0\checker-qual-3.5.0.jar;"/>
    <property name="sun.cpu.endian" value="little"/>
    <property name="user.home" value="C:\Users\shunimes"/>
    <property name="user.language" value="en"/>
    <property name="java.specification.vendor" value="Oracle Corporation"/>
    <property name="java.version.date" value="2022-04-19"/>
    <property name="java.home" value="C:\Program Files\Java\jdk-11.0.15"/>
    <property name="file.separator" value="\"/>
    <property name="basedir" value="C:\Users\shunimes\Desktop\Upload here\assessments\ShubhamNimesh\assessment3-retest\Q2\q2"/>
    <property name="java.vm.compressedOopsMode" value="Zero based"/>
    <property name="line.separator" value="&#10;"/>
    <property name="java.specification.name" value="Java Platform API Specification"/>
    <property name="java.vm.specification.vendor" value="Oracle Corporation"/>
    <property name="java.awt.graphicsenv" value="sun.awt.Win32GraphicsEnvironment"/>
    <property name="surefire.real.class.path" value="C:\Users\shunimes\AppData\Local\Temp\surefire4861913594416827367\surefirebooter16776812798378317536.jar"/>
    <property name="user.script" value=""/>
    <property name="sun.management.compiler" value="HotSpot 64-Bit Tiered Compilers"/>
    <property name="java.runtime.version" value="11.0.15+8-LTS-149"/>
    <property name="user.name" value="shunimes"/>
    <property name="path.separator" value=";"/>
    <property name="os.version" value="10.0"/>
    <property name="java.runtime.name" value="Java(TM) SE Runtime Environment"/>
    <property name="file.encoding" value="Cp1252"/>
    <property name="java.vm.name" value="Java HotSpot(TM) 64-Bit Server VM"/>
    <property name="java.vendor.version" value="18.9"/>
    <property name="localRepository" value="C:\Users\shunimes\.m2\repository"/>
    <property name="java.vendor.url.bug" value="https://bugreport.java.com/bugreport/"/>
    <property name="java.io.tmpdir" value="C:\Users\shunimes\AppData\Local\Temp\"/>
    <property name="java.version" value="11.0.15"/>
    <property name="user.dir" value="C:\Users\shunimes\Desktop\Upload here\assessments\ShubhamNimesh\assessment3-retest\Q2\q2"/>
    <property name="os.arch" value="amd64"/>
    <property name="java.vm.specification.name" value="Java Virtual Machine Specification"/>
    <property name="java.awt.printerjob" value="sun.awt.windows.WPrinterJob"/>
    <property name="sun.os.patch.level" value=""/>
    <property name="java.library.path" value="C:\Program Files\Java\jdk-11.0.15\bin;C:\WINDOWS\Sun\Java\bin;C:\WINDOWS\system32;C:\WINDOWS;C:\Program Files\Common Files\Oracle\Java\javapath;C:\Program Files (x86)\Common Files\Oracle\Java\javapath;C:\WINDOWS\system32;C:\WINDOWS;C:\WINDOWS\System32\Wbem;C:\WINDOWS\System32\WindowsPowerShell\v1.0\;C:\WINDOWS\System32\OpenSSH\;C:\Program Files (x86)\CheckPoint\Endpoint Security\Endpoint Common\bin;C:\Program Files\nodejs\;C:\Program Files\Java\jdk1.8.0_331\bin;C:\Program Files\Git\cmd;C:\Users\shunimes\Desktop\apache maven\apache-maven-3.8.6-bin\apache-maven-3.8.6\bin;C:\Program Files\MongoDB\Server\5.0\bin;;C:\Program Files\Docker\Docker\resources\bin;C:\ProgramData\DockerDesktop\version-bin;C:\Users\shunimes\AppData\Local\Microsoft\WindowsApps;;C:\Users\shunimes\AppData\Local\Programs\Microsoft VS Code\bin;C:\Users\shunimes\AppData\Roaming\npm;."/>
    <property name="java.vendor" value="Oracle Corporation"/>
    <property name="java.vm.info" value="mixed mode"/>
    <property name="java.vm.version" value="11.0.15+8-LTS-149"/>
    <property name="sun.io.unicode.encoding" value="UnicodeLittle"/>
    <property name="java.class.version" value="55.0"/>
  </properties>
  <testcase name="deleteMovieByCodeTest" classname="com.sapient.dao.MovieImplTestMongo" time="1.362"/>
  <testcase name="updateClaimTest" classname="com.sapient.dao.MovieImplTestMongo" time="0.058"/>
  <testcase name="addMovieTest" classname="com.sapient.dao.MovieImplTestMongo" time="0.091"/>
  <testcase name="deleteMovieByIdTest" classname="com.sapient.dao.MovieImplTestMongo" time="0.032"/>
</testsuite>